<?xml version="1.0" encoding="UTF-8"?><testsuite name="nosetests" tests="6" errors="0" failures="0" skip="0"><testcase classname="module_test1.submodule_test1.test1.Tester" name="method_test" time="0.000"></testcase><testcase classname="module_test1.submodule_test1.test1.Tester" name="method_test2" time="0.000"></testcase><testcase classname="module_test1.submodule_test1.test1" name="function_test" time="0.000"></testcase><testcase classname="module_test1.submodule_test1.test2.Tester" name="method_test" time="0.000"></testcase><testcase classname="module_test1.submodule_test1.test2.Tester" name="method_test2" time="0.000"></testcase><testcase classname="module_test1.submodule_test1.test2" name="function_test" time="0.000"></testcase></testsuite>